<?xml version="1.0" encoding="UTF-8"?>
<testng-results ignored="0" total="0" passed="0" failed="0" skipped="0">
  <reporter-output>
  </reporter-output>
  <suite started-at="2023-08-06T16:47:30 IST" name="Surefire suite" finished-at="2023-08-06T16:47:33 IST" duration-ms="3009">
    <groups>
    </groups>
    <test started-at="2023-08-06T16:47:30 IST" name="Surefire test" finished-at="2023-08-06T16:47:33 IST" duration-ms="3009">
      <class name="com.dyson.engage.QA.BaseTest">
        <test-method is-config="true" signature="initilize()[pri:0, instance:com.dyson.engage.QA.BaseTest@7c83dc97]" started-at="2023-08-06T16:47:30 IST" name="initilize" finished-at="2023-08-06T16:47:33 IST" duration-ms="2976" status="PASS">
          <reporter-output>
          </reporter-output>
        </test-method> <!-- initilize -->
      </class> <!-- com.dyson.engage.QA.BaseTest -->
    </test> <!-- Surefire test -->
  </suite> <!-- Surefire suite -->
</testng-results>
